INFO  2022-06-27 12:25:20,433 [WrapperListener_start_runner] [processor: ; event: ] org.mule.runtime.api.message.AbstractMuleMessageBuilderFactory: Loaded MuleMessageBuilderFactory implementation 'org.mule.runtime.core.internal.message.DefaultMessageBuilderFactory' from classloader 'org.mule.runtime.module.reboot.internal.MuleContainerSystemClassLoader@2f783281'
INFO  2022-06-27 12:25:20,462 [WrapperListener_start_runner] [processor: ; event: ] org.mule.runtime.api.el.AbstractBindingContextBuilderFactory: Loaded BindingContextBuilderFactory implementation 'org.mule.runtime.core.api.el.DefaultBindingContextBuilderFactory' from classloader 'org.mule.runtime.module.reboot.internal.MuleContainerSystemClassLoader@2f783281'
INFO  2022-06-27 12:25:21,258 [WrapperListener_start_runner] [processor: ; event: ] org.mule.runtime.core.internal.util.journal.TransactionJournal: Using files for tx logs C:\MuleRuntime\mule-heroku-dyno\.\.mule\laniak-core-api-4-2-2\queue-tx-log\tx1.log and C:\MuleRuntime\mule-heroku-dyno\.\.mule\laniak-core-api-4-2-2\queue-tx-log\tx2.log
INFO  2022-06-27 12:25:21,270 [WrapperListener_start_runner] [processor: ; event: ] org.mule.runtime.core.internal.util.journal.TransactionJournal: Using files for tx logs C:\MuleRuntime\mule-heroku-dyno\.\.mule\laniak-core-api-4-2-2\queue-xa-tx-log\tx1.log and C:\MuleRuntime\mule-heroku-dyno\.\.mule\laniak-core-api-4-2-2\queue-xa-tx-log\tx2.log
INFO  2022-06-27 12:25:21,812 [WrapperListener_start_runner] [processor: ; event: ] org.mule.runtime.core.privileged.lifecycle.AbstractLifecycleManager: Initialising Bean: org.mule.runtime.module.extension.internal.runtime.config.ConfigurationProviderToolingAdapter-rdbms_master_db_config
INFO  2022-06-27 12:25:21,859 [WrapperListener_start_runner] [processor: ; event: ] org.mule.runtime.core.privileged.lifecycle.AbstractLifecycleManager: Initialising Bean: org.mule.runtime.module.extension.internal.runtime.config.ConfigurationProviderToolingAdapter-MongoDB_Config
INFO  2022-06-27 12:25:22,011 [WrapperListener_start_runner] [processor: ; event: ] org.mule.runtime.core.internal.secutiry.tls.TlsProperties: Loading configuration file: tls-default.conf
INFO  2022-06-27 12:25:22,012 [WrapperListener_start_runner] [processor: ; event: ] org.mule.runtime.api.tls.AbstractTlsContextFactoryBuilderFactory: Loaded TlsContextFactoryBuilderFactory implementation 'org.mule.runtime.module.tls.api.DefaultTlsContextFactoryBuilderFactory' from classloader 'org.mule.runtime.module.reboot.internal.MuleContainerSystemClassLoader@2f783281'
INFO  2022-06-27 12:25:22,037 [WrapperListener_start_runner] [processor: ; event: ] org.mongodb.driver.cluster: Cluster created with settings {hosts=[127.0.0.1:27017], srvHost=tsstaskcluster.8gnng.mongodb.net, mode=MULTIPLE, requiredClusterType=REPLICA_SET, serverSelectionTimeout='30000 ms', maxWaitQueueSize=500, requiredReplicaSetName='atlas-9drqaz-shard-0'}
INFO  2022-06-27 12:25:22,046 [WrapperListener_start_runner] [processor: ; event: ] org.mule.runtime.core.privileged.lifecycle.AbstractLifecycleManager: Initialising Bean: org.mule.runtime.module.extension.internal.runtime.config.ConfigurationProviderToolingAdapter-v2-httpListenerConfig
INFO  2022-06-27 12:25:22,070 [cluster-ClusterId{value='62b9545a21104f6fcb08f4dc', description='null'}-srv-tsstaskcluster.8gnng.mongodb.net] [processor: ; event: ] org.mongodb.driver.cluster: Adding discovered server tsstaskcluster-shard-00-02.8gnng.mongodb.net:27017 to client view of cluster
INFO  2022-06-27 12:25:22,095 [cluster-ClusterId{value='62b9545a21104f6fcb08f4dc', description='null'}-srv-tsstaskcluster.8gnng.mongodb.net] [processor: ; event: ] org.mongodb.driver.cluster: Adding discovered server tsstaskcluster-shard-00-00.8gnng.mongodb.net:27017 to client view of cluster
INFO  2022-06-27 12:25:22,095 [cluster-ClusterId{value='62b9545a21104f6fcb08f4dc', description='null'}-srv-tsstaskcluster.8gnng.mongodb.net] [processor: ; event: ] org.mongodb.driver.cluster: Adding discovered server tsstaskcluster-shard-00-01.8gnng.mongodb.net:27017 to client view of cluster
INFO  2022-06-27 12:25:22,364 [WrapperListener_start_runner] [processor: ; event: ] org.mule.runtime.core.internal.construct.FlowConstructLifecycleManager: Initialising flow: createNewModuleProjectMap
INFO  2022-06-27 12:25:22,481 [WrapperListener_start_runner] [processor: ; event: ] org.mule.runtime.core.internal.construct.FlowConstructLifecycleManager: Initialising flow: getUserById
INFO  2022-06-27 12:25:22,498 [WrapperListener_start_runner] [processor: ; event: ] org.mule.runtime.core.internal.construct.FlowConstructLifecycleManager: Initialising flow: getUserIdFromEmail
INFO  2022-06-27 12:25:22,502 [WrapperListener_start_runner] [processor: ; event: ] org.mule.runtime.core.internal.construct.FlowConstructLifecycleManager: Initialising flow: getUsersFromProjectsOnRoleFilter
INFO  2022-06-27 12:25:22,526 [WrapperListener_start_runner] [processor: ; event: ] org.mule.runtime.core.internal.construct.FlowConstructLifecycleManager: Initialising flow: mainUserFlow
INFO  2022-06-27 12:25:22,531 [WrapperListener_start_runner] [processor: ; event: ] org.mule.runtime.core.internal.construct.FlowConstructLifecycleManager: Initialising flow: generateNewId
INFO  2022-06-27 12:25:22,533 [WrapperListener_start_runner] [processor: ; event: ] org.mule.runtime.core.internal.construct.FlowConstructLifecycleManager: Initialising flow: createNewUserProjectMap
INFO  2022-06-27 12:25:22,538 [WrapperListener_start_runner] [processor: ; event: ] org.mule.runtime.core.internal.construct.FlowConstructLifecycleManager: Initialising flow: createNewUser
INFO  2022-06-27 12:25:22,546 [WrapperListener_start_runner] [processor: ; event: ] org.mule.runtime.core.internal.construct.FlowConstructLifecycleManager: Initialising flow: updateUserFlow
INFO  2022-06-27 12:25:22,559 [WrapperListener_start_runner] [processor: ; event: ] org.mule.runtime.core.internal.construct.FlowConstructLifecycleManager: Initialising flow: deleteUserFlow
INFO  2022-06-27 12:25:22,565 [WrapperListener_start_runner] [processor: ; event: ] org.mule.runtime.core.internal.construct.FlowConstructLifecycleManager: Initialising flow: getAllTasks
INFO  2022-06-27 12:25:22,571 [WrapperListener_start_runner] [processor: ; event: ] org.mule.runtime.core.internal.construct.FlowConstructLifecycleManager: Initialising flow: getTaskOnFilterCondition
INFO  2022-06-27 12:25:22,573 [WrapperListener_start_runner] [processor: ; event: ] org.mule.runtime.core.internal.construct.FlowConstructLifecycleManager: Initialising flow: mainTaskFlow
INFO  2022-06-27 12:25:22,576 [WrapperListener_start_runner] [processor: ; event: ] org.mule.runtime.core.internal.construct.FlowConstructLifecycleManager: Initialising flow: getTasksById
INFO  2022-06-27 12:25:22,578 [WrapperListener_start_runner] [processor: ; event: ] org.mule.runtime.core.internal.construct.FlowConstructLifecycleManager: Initialising flow: getTaskActivity
INFO  2022-06-27 12:25:22,585 [WrapperListener_start_runner] [processor: ; event: ] org.mule.runtime.core.internal.construct.FlowConstructLifecycleManager: Initialising flow: getTaskByIdWithActivity
INFO  2022-06-27 12:25:22,597 [WrapperListener_start_runner] [processor: ; event: ] org.mule.runtime.core.internal.construct.FlowConstructLifecycleManager: Initialising flow: mainTaskById
INFO  2022-06-27 12:25:22,598 [WrapperListener_start_runner] [processor: ; event: ] org.mule.runtime.core.internal.construct.FlowConstructLifecycleManager: Initialising flow: getUserBasedTaskSummary
INFO  2022-06-27 12:25:22,611 [WrapperListener_start_runner] [processor: ; event: ] org.mule.runtime.core.internal.construct.FlowConstructLifecycleManager: Initialising flow: getTaskSummary
INFO  2022-06-27 12:25:22,628 [WrapperListener_start_runner] [processor: ; event: ] org.mule.runtime.core.internal.construct.FlowConstructLifecycleManager: Initialising flow: getDetailedTaskSummary
INFO  2022-06-27 12:25:22,632 [WrapperListener_start_runner] [processor: ; event: ] org.mule.runtime.core.internal.construct.FlowConstructLifecycleManager: Initialising flow: getUserBasedDetailedTaskSummary
INFO  2022-06-27 12:25:22,635 [WrapperListener_start_runner] [processor: ; event: ] org.mule.runtime.core.internal.construct.FlowConstructLifecycleManager: Initialising flow: mainTaskSummaryFlow
INFO  2022-06-27 12:25:22,636 [WrapperListener_start_runner] [processor: ; event: ] org.mule.runtime.core.internal.construct.FlowConstructLifecycleManager: Initialising flow: getVerificationCommits
INFO  2022-06-27 12:25:22,643 [WrapperListener_start_runner] [processor: ; event: ] org.mule.runtime.core.internal.construct.FlowConstructLifecycleManager: Initialising flow: getVerificationDeletes
INFO  2022-06-27 12:25:22,654 [WrapperListener_start_runner] [processor: ; event: ] org.mule.runtime.core.internal.construct.FlowConstructLifecycleManager: Initialising flow: mainTaskVerificationFlow
INFO  2022-06-27 12:25:22,655 [WrapperListener_start_runner] [processor: ; event: ] org.mule.runtime.core.internal.construct.FlowConstructLifecycleManager: Initialising flow: getUserBasedRCSUtilization
INFO  2022-06-27 12:25:22,657 [WrapperListener_start_runner] [processor: ; event: ] org.mule.runtime.core.internal.construct.FlowConstructLifecycleManager: Initialising flow: getAllRCSUtilization
INFO  2022-06-27 12:25:22,664 [WrapperListener_start_runner] [processor: ; event: ] org.mule.runtime.core.internal.construct.FlowConstructLifecycleManager: Initialising flow: getUserBasedRCSSummary
INFO  2022-06-27 12:25:22,667 [WrapperListener_start_runner] [processor: ; event: ] org.mule.runtime.core.internal.construct.FlowConstructLifecycleManager: Initialising flow: getAllRCSSummary
INFO  2022-06-27 12:25:22,671 [WrapperListener_start_runner] [processor: ; event: ] org.mule.runtime.core.internal.construct.FlowConstructLifecycleManager: Initialising flow: mainTaskRCSUtilizationFlow
INFO  2022-06-27 12:25:22,672 [WrapperListener_start_runner] [processor: ; event: ] org.mule.runtime.core.internal.construct.FlowConstructLifecycleManager: Initialising flow: createNewTask
INFO  2022-06-27 12:25:22,679 [WrapperListener_start_runner] [processor: ; event: ] org.mule.runtime.core.internal.construct.FlowConstructLifecycleManager: Initialising flow: mainUpdateTaskFlow
INFO  2022-06-27 12:25:22,690 [WrapperListener_start_runner] [processor: ; event: ] org.mule.runtime.core.internal.construct.FlowConstructLifecycleManager: Initialising flow: deleteTaskFlow
INFO  2022-06-27 12:25:22,725 [WrapperListener_start_runner] [processor: ; event: ] org.mule.runtime.core.internal.construct.FlowConstructLifecycleManager: Initialising flow: updateTaskWorkflowStatus
INFO  2022-06-27 12:25:22,726 [WrapperListener_start_runner] [processor: ; event: ] org.mule.runtime.core.internal.construct.FlowConstructLifecycleManager: Initialising flow: updateTaskWorkflowActivity
INFO  2022-06-27 12:25:22,726 [WrapperListener_start_runner] [processor: ; event: ] org.mule.runtime.core.internal.construct.FlowConstructLifecycleManager: Initialising flow: updateTaskCommentActivity
INFO  2022-06-27 12:25:22,727 [WrapperListener_start_runner] [processor: ; event: ] org.mule.runtime.core.internal.construct.FlowConstructLifecycleManager: Initialising flow: mainTaskActivityWorkflowUpdateFlow
INFO  2022-06-27 12:25:22,730 [WrapperListener_start_runner] [processor: ; event: ] org.mule.runtime.core.internal.construct.FlowConstructLifecycleManager: Initialising flow: getProjectIdFromName
INFO  2022-06-27 12:25:22,735 [WrapperListener_start_runner] [processor: ; event: ] org.mule.runtime.core.internal.construct.FlowConstructLifecycleManager: Initialising flow: getProjectListForUser
INFO  2022-06-27 12:25:22,742 [WrapperListener_start_runner] [processor: ; event: ] org.mule.runtime.core.internal.construct.FlowConstructLifecycleManager: Initialising flow: getCommonProjectsListForUsers
INFO  2022-06-27 12:25:22,748 [WrapperListener_start_runner] [processor: ; event: ] org.mule.runtime.core.internal.construct.FlowConstructLifecycleManager: Initialising flow: getAllProjects
INFO  2022-06-27 12:25:22,752 [WrapperListener_start_runner] [processor: ; event: ] org.mule.runtime.core.internal.construct.FlowConstructLifecycleManager: Initialising flow: mainProjectFlow
INFO  2022-06-27 12:25:22,754 [WrapperListener_start_runner] [processor: ; event: ] org.mule.runtime.core.internal.construct.FlowConstructLifecycleManager: Initialising flow: createNewProject
INFO  2022-06-27 12:25:22,759 [WrapperListener_start_runner] [processor: ; event: ] org.mule.runtime.core.internal.construct.FlowConstructLifecycleManager: Initialising flow: deleteProjectFlow
INFO  2022-06-27 12:25:23,433 [cluster-ClusterId{value='62b9545a21104f6fcb08f4dc', description='null'}-tsstaskcluster-shard-00-00.8gnng.mongodb.net:27017] [processor: ; event: ] org.mongodb.driver.connection: Opened connection [connectionId{localValue:1, serverValue:279388}] to tsstaskcluster-shard-00-00.8gnng.mongodb.net:27017
INFO  2022-06-27 12:25:23,433 [cluster-ClusterId{value='62b9545a21104f6fcb08f4dc', description='null'}-tsstaskcluster-shard-00-01.8gnng.mongodb.net:27017] [processor: ; event: ] org.mongodb.driver.connection: Opened connection [connectionId{localValue:2, serverValue:339778}] to tsstaskcluster-shard-00-01.8gnng.mongodb.net:27017
INFO  2022-06-27 12:25:23,433 [cluster-ClusterId{value='62b9545a21104f6fcb08f4dc', description='null'}-tsstaskcluster-shard-00-02.8gnng.mongodb.net:27017] [processor: ; event: ] org.mongodb.driver.connection: Opened connection [connectionId{localValue:3, serverValue:371671}] to tsstaskcluster-shard-00-02.8gnng.mongodb.net:27017
INFO  2022-06-27 12:25:23,644 [cluster-ClusterId{value='62b9545a21104f6fcb08f4dc', description='null'}-tsstaskcluster-shard-00-01.8gnng.mongodb.net:27017] [processor: ; event: ] org.mongodb.driver.cluster: Monitor thread successfully connected to server with description ServerDescription{address=tsstaskcluster-shard-00-01.8gnng.mongodb.net:27017, type=REPLICA_SET_SECONDARY, state=CONNECTED, ok=true, version=ServerVersion{versionList=[5, 0, 9]}, minWireVersion=0, maxWireVersion=13, maxDocumentSize=16777216, logicalSessionTimeoutMinutes=30, roundTripTimeNanos=209989000, setName='atlas-9drqaz-shard-0', canonicalAddress=tsstaskcluster-shard-00-01.8gnng.mongodb.net:27017, hosts=[tsstaskcluster-shard-00-01.8gnng.mongodb.net:27017, tsstaskcluster-shard-00-00.8gnng.mongodb.net:27017, tsstaskcluster-shard-00-02.8gnng.mongodb.net:27017], passives=[], arbiters=[], primary='tsstaskcluster-shard-00-02.8gnng.mongodb.net:27017', tagSet=TagSet{[Tag{name='nodeType', value='ELECTABLE'}, Tag{name='provider', value='AZURE'}, Tag{name='region', value='US_EAST_2'}, Tag{name='workloadType', value='OPERATIONAL'}]}, electionId=null, setVersion=8, lastWriteDate=Mon Jun 27 12:25:23 IST 2022, lastUpdateTimeNanos=828481552785500}
INFO  2022-06-27 12:25:23,644 [cluster-ClusterId{value='62b9545a21104f6fcb08f4dc', description='null'}-tsstaskcluster-shard-00-00.8gnng.mongodb.net:27017] [processor: ; event: ] org.mongodb.driver.cluster: Monitor thread successfully connected to server with description ServerDescription{address=tsstaskcluster-shard-00-00.8gnng.mongodb.net:27017, type=REPLICA_SET_SECONDARY, state=CONNECTED, ok=true, version=ServerVersion{versionList=[5, 0, 9]}, minWireVersion=0, maxWireVersion=13, maxDocumentSize=16777216, logicalSessionTimeoutMinutes=30, roundTripTimeNanos=209208900, setName='atlas-9drqaz-shard-0', canonicalAddress=tsstaskcluster-shard-00-00.8gnng.mongodb.net:27017, hosts=[tsstaskcluster-shard-00-01.8gnng.mongodb.net:27017, tsstaskcluster-shard-00-00.8gnng.mongodb.net:27017, tsstaskcluster-shard-00-02.8gnng.mongodb.net:27017], passives=[], arbiters=[], primary='tsstaskcluster-shard-00-02.8gnng.mongodb.net:27017', tagSet=TagSet{[Tag{name='nodeType', value='ELECTABLE'}, Tag{name='provider', value='AZURE'}, Tag{name='region', value='US_EAST_2'}, Tag{name='workloadType', value='OPERATIONAL'}]}, electionId=null, setVersion=8, lastWriteDate=Mon Jun 27 12:25:23 IST 2022, lastUpdateTimeNanos=828481552415200}
INFO  2022-06-27 12:25:23,644 [cluster-ClusterId{value='62b9545a21104f6fcb08f4dc', description='null'}-tsstaskcluster-shard-00-02.8gnng.mongodb.net:27017] [processor: ; event: ] org.mongodb.driver.cluster: Monitor thread successfully connected to server with description ServerDescription{address=tsstaskcluster-shard-00-02.8gnng.mongodb.net:27017, type=REPLICA_SET_PRIMARY, state=CONNECTED, ok=true, version=ServerVersion{versionList=[5, 0, 9]}, minWireVersion=0, maxWireVersion=13, maxDocumentSize=16777216, logicalSessionTimeoutMinutes=30, roundTripTimeNanos=210112100, setName='atlas-9drqaz-shard-0', canonicalAddress=tsstaskcluster-shard-00-02.8gnng.mongodb.net:27017, hosts=[tsstaskcluster-shard-00-01.8gnng.mongodb.net:27017, tsstaskcluster-shard-00-00.8gnng.mongodb.net:27017, tsstaskcluster-shard-00-02.8gnng.mongodb.net:27017], passives=[], arbiters=[], primary='tsstaskcluster-shard-00-02.8gnng.mongodb.net:27017', tagSet=TagSet{[Tag{name='nodeType', value='ELECTABLE'}, Tag{name='provider', value='AZURE'}, Tag{name='region', value='US_EAST_2'}, Tag{name='workloadType', value='OPERATIONAL'}]}, electionId=7fffffff0000000000000086, setVersion=8, lastWriteDate=Mon Jun 27 12:25:23 IST 2022, lastUpdateTimeNanos=828481552908500}
INFO  2022-06-27 12:25:23,646 [cluster-ClusterId{value='62b9545a21104f6fcb08f4dc', description='null'}-tsstaskcluster-shard-00-02.8gnng.mongodb.net:27017] [processor: ; event: ] org.mongodb.driver.cluster: Setting max election id to 7fffffff0000000000000086 from replica set primary tsstaskcluster-shard-00-02.8gnng.mongodb.net:27017
INFO  2022-06-27 12:25:23,646 [cluster-ClusterId{value='62b9545a21104f6fcb08f4dc', description='null'}-tsstaskcluster-shard-00-02.8gnng.mongodb.net:27017] [processor: ; event: ] org.mongodb.driver.cluster: Setting max set version to 8 from replica set primary tsstaskcluster-shard-00-02.8gnng.mongodb.net:27017
INFO  2022-06-27 12:25:23,646 [cluster-ClusterId{value='62b9545a21104f6fcb08f4dc', description='null'}-tsstaskcluster-shard-00-02.8gnng.mongodb.net:27017] [processor: ; event: ] org.mongodb.driver.cluster: Discovered replica set primary tsstaskcluster-shard-00-02.8gnng.mongodb.net:27017
INFO  2022-06-27 12:25:25,117 [WrapperListener_start_runner] [processor: ; event: ] org.mule.module.apikit.Configuration: Building resource URI cache...
INFO  2022-06-27 12:25:25,131 [WrapperListener_start_runner] [processor: ; event: ] org.mule.runtime.core.internal.construct.FlowConstructLifecycleManager: Initialising flow: v2-main
INFO  2022-06-27 12:25:25,146 [WrapperListener_start_runner] [processor: ; event: ] org.mule.runtime.core.privileged.lifecycle.AbstractLifecycleManager: Initialising Bean: listener
INFO  2022-06-27 12:25:25,163 [WrapperListener_start_runner] [processor: ; event: ] org.mule.module.apikit.Router: 
********************************************************************************
* APIKit Router 'v2-config' started using Parser: AMF                          *
********************************************************************************
INFO  2022-06-27 12:25:25,163 [WrapperListener_start_runner] [processor: ; event: ] org.mule.runtime.core.internal.construct.FlowConstructLifecycleManager: Initialising flow: v2-console
INFO  2022-06-27 12:25:25,167 [WrapperListener_start_runner] [processor: ; event: ] org.mule.runtime.core.privileged.lifecycle.AbstractLifecycleManager: Initialising Bean: listener
INFO  2022-06-27 12:25:25,169 [WrapperListener_start_runner] [processor: ; event: ] org.mule.module.apikit.Console: 
********************************************************************************
* APIKit Console URL: http://localhost:8081/console/                           *
********************************************************************************
INFO  2022-06-27 12:25:25,172 [WrapperListener_start_runner] [processor: ; event: ] org.mule.runtime.core.internal.construct.FlowConstructLifecycleManager: Initialising flow: updateRoleFlow
INFO  2022-06-27 12:25:25,176 [WrapperListener_start_runner] [processor: ; event: ] org.mule.runtime.core.internal.construct.FlowConstructLifecycleManager: Initialising flow: put:\role:v2-config
INFO  2022-06-27 12:25:25,179 [WrapperListener_start_runner] [processor: ; event: ] org.mule.runtime.core.internal.construct.FlowConstructLifecycleManager: Initialising flow: updateUserProjectMapFlow
INFO  2022-06-27 12:25:25,182 [WrapperListener_start_runner] [processor: ; event: ] org.mule.runtime.core.internal.construct.FlowConstructLifecycleManager: Initialising flow: put:\userprojectmap:application\json:v2-config
INFO  2022-06-27 12:25:25,185 [WrapperListener_start_runner] [processor: ; event: ] org.mule.runtime.core.internal.construct.FlowConstructLifecycleManager: Initialising flow: put:\task\(ID):application\json:v2-config
INFO  2022-06-27 12:25:25,185 [WrapperListener_start_runner] [processor: ; event: ] org.mule.runtime.core.internal.construct.FlowConstructLifecycleManager: Initialising flow: put:\user\(ID):application\json:v2-config
INFO  2022-06-27 12:25:25,186 [WrapperListener_start_runner] [processor: ; event: ] org.mule.runtime.core.internal.construct.FlowConstructLifecycleManager: Initialising flow: deleteModuleFlow
INFO  2022-06-27 12:25:25,193 [WrapperListener_start_runner] [processor: ; event: ] org.mule.runtime.core.internal.construct.FlowConstructLifecycleManager: Initialising flow: delete:\module:application\json:v2-config
INFO  2022-06-27 12:25:25,196 [WrapperListener_start_runner] [processor: ; event: ] org.mule.runtime.core.internal.construct.FlowConstructLifecycleManager: Initialising flow: deletePriorityFlow
INFO  2022-06-27 12:25:25,205 [WrapperListener_start_runner] [processor: ; event: ] org.mule.runtime.core.internal.construct.FlowConstructLifecycleManager: Initialising flow: delete:\priority:application\json:v2-config
INFO  2022-06-27 12:25:25,205 [WrapperListener_start_runner] [processor: ; event: ] org.mule.runtime.core.internal.construct.FlowConstructLifecycleManager: Initialising flow: delete:\project:application\json:v2-config
INFO  2022-06-27 12:25:25,205 [WrapperListener_start_runner] [processor: ; event: ] org.mule.runtime.core.internal.construct.FlowConstructLifecycleManager: Initialising flow: deleteRoleFlow
INFO  2022-06-27 12:25:25,213 [WrapperListener_start_runner] [processor: ; event: ] org.mule.runtime.core.internal.construct.FlowConstructLifecycleManager: Initialising flow: delete:\role:application\json:v2-config
INFO  2022-06-27 12:25:25,213 [WrapperListener_start_runner] [processor: ; event: ] org.mule.runtime.core.internal.construct.FlowConstructLifecycleManager: Initialising flow: delete:\task:application\json:v2-config
INFO  2022-06-27 12:25:25,214 [WrapperListener_start_runner] [processor: ; event: ] org.mule.runtime.core.internal.construct.FlowConstructLifecycleManager: Initialising flow: deleteTypeFlow
INFO  2022-06-27 12:25:25,221 [WrapperListener_start_runner] [processor: ; event: ] org.mule.runtime.core.internal.construct.FlowConstructLifecycleManager: Initialising flow: delete:\type:application\json:v2-config
INFO  2022-06-27 12:25:25,221 [WrapperListener_start_runner] [processor: ; event: ] org.mule.runtime.core.internal.construct.FlowConstructLifecycleManager: Initialising flow: delete:\user:application\json:v2-config
INFO  2022-06-27 12:25:25,222 [WrapperListener_start_runner] [processor: ; event: ] org.mule.runtime.core.internal.construct.FlowConstructLifecycleManager: Initialising flow: deleteUserProjectMapFlow
INFO  2022-06-27 12:25:25,231 [WrapperListener_start_runner] [processor: ; event: ] org.mule.runtime.core.internal.construct.FlowConstructLifecycleManager: Initialising flow: delete:\userprojectmap:application\json:v2-config
INFO  2022-06-27 12:25:25,233 [WrapperListener_start_runner] [processor: ; event: ] org.mule.runtime.core.internal.construct.FlowConstructLifecycleManager: Initialising flow: get:\task\verification\commit:v2-config
INFO  2022-06-27 12:25:25,233 [WrapperListener_start_runner] [processor: ; event: ] org.mule.runtime.core.internal.construct.FlowConstructLifecycleManager: Initialising flow: get:\task\verification\delete:v2-config
INFO  2022-06-27 12:25:25,234 [WrapperListener_start_runner] [processor: ; event: ] org.mule.runtime.core.internal.construct.FlowConstructLifecycleManager: Initialising flow: getModulesFromProject
INFO  2022-06-27 12:25:25,238 [WrapperListener_start_runner] [processor: ; event: ] org.mule.runtime.core.internal.construct.FlowConstructLifecycleManager: Initialising flow: getModuleIdFromName
INFO  2022-06-27 12:25:25,242 [WrapperListener_start_runner] [processor: ; event: ] org.mule.runtime.core.internal.construct.FlowConstructLifecycleManager: Initialising flow: mainModuleFlow
INFO  2022-06-27 12:25:25,243 [WrapperListener_start_runner] [processor: ; event: ] org.mule.runtime.core.internal.construct.FlowConstructLifecycleManager: Initialising flow: get:\module:v2-config
INFO  2022-06-27 12:25:25,243 [WrapperListener_start_runner] [processor: ; event: ] org.mule.runtime.core.internal.construct.FlowConstructLifecycleManager: Initialising flow: getPrioritiesFromProject
INFO  2022-06-27 12:25:25,246 [WrapperListener_start_runner] [processor: ; event: ] org.mule.runtime.core.internal.construct.FlowConstructLifecycleManager: Initialising flow: getPriorityIdFromName
INFO  2022-06-27 12:25:25,251 [WrapperListener_start_runner] [processor: ; event: ] org.mule.runtime.core.internal.construct.FlowConstructLifecycleManager: Initialising flow: mainPriorityFlow
INFO  2022-06-27 12:25:25,253 [WrapperListener_start_runner] [processor: ; event: ] org.mule.runtime.core.internal.construct.FlowConstructLifecycleManager: Initialising flow: get:\priority:v2-config
INFO  2022-06-27 12:25:25,254 [WrapperListener_start_runner] [processor: ; event: ] org.mule.runtime.core.internal.construct.FlowConstructLifecycleManager: Initialising flow: get:\project:v2-config
INFO  2022-06-27 12:25:25,254 [WrapperListener_start_runner] [processor: ; event: ] org.mule.runtime.core.internal.construct.FlowConstructLifecycleManager: Initialising flow: get:\task\rcs_util:v2-config
INFO  2022-06-27 12:25:25,254 [WrapperListener_start_runner] [processor: ; event: ] org.mule.runtime.core.internal.construct.FlowConstructLifecycleManager: Initialising flow: getAllRoles
INFO  2022-06-27 12:25:25,258 [WrapperListener_start_runner] [processor: ; event: ] org.mule.runtime.core.internal.construct.FlowConstructLifecycleManager: Initialising flow: getRoleIdFromUserId
INFO  2022-06-27 12:25:25,261 [WrapperListener_start_runner] [processor: ; event: ] org.mule.runtime.core.internal.construct.FlowConstructLifecycleManager: Initialising flow: mainRoleFlow
INFO  2022-06-27 12:25:25,263 [WrapperListener_start_runner] [processor: ; event: ] org.mule.runtime.core.internal.construct.FlowConstructLifecycleManager: Initialising flow: get:\role:v2-config
INFO  2022-06-27 12:25:25,264 [WrapperListener_start_runner] [processor: ; event: ] org.mule.runtime.core.internal.construct.FlowConstructLifecycleManager: Initialising flow: getSmallerRoles
INFO  2022-06-27 12:25:25,267 [WrapperListener_start_runner] [processor: ; event: ] org.mule.runtime.core.internal.construct.FlowConstructLifecycleManager: Initialising flow: get:\role\small:v2-config
INFO  2022-06-27 12:25:25,267 [WrapperListener_start_runner] [processor: ; event: ] org.mule.runtime.core.internal.construct.FlowConstructLifecycleManager: Initialising flow: get:\task\summary:v2-config
INFO  2022-06-27 12:25:25,268 [WrapperListener_start_runner] [processor: ; event: ] org.mule.runtime.core.internal.construct.FlowConstructLifecycleManager: Initialising flow: get:\task:v2-config
INFO  2022-06-27 12:25:25,268 [WrapperListener_start_runner] [processor: ; event: ] org.mule.runtime.core.internal.construct.FlowConstructLifecycleManager: Initialising flow: getTypeIdFromName
INFO  2022-06-27 12:25:25,270 [WrapperListener_start_runner] [processor: ; event: ] org.mule.runtime.core.internal.construct.FlowConstructLifecycleManager: Initialising flow: getTypesFromProject
INFO  2022-06-27 12:25:25,278 [WrapperListener_start_runner] [processor: ; event: ] org.mule.runtime.core.internal.construct.FlowConstructLifecycleManager: Initialising flow: mainTypeFlow
INFO  2022-06-27 12:25:25,278 [WrapperListener_start_runner] [processor: ; event: ] org.mule.runtime.core.internal.construct.FlowConstructLifecycleManager: Initialising flow: get:\type:v2-config
INFO  2022-06-27 12:25:25,279 [WrapperListener_start_runner] [processor: ; event: ] org.mule.runtime.core.internal.construct.FlowConstructLifecycleManager: Initialising flow: get:\user:v2-config
INFO  2022-06-27 12:25:25,279 [WrapperListener_start_runner] [processor: ; event: ] org.mule.runtime.core.internal.construct.FlowConstructLifecycleManager: Initialising flow: getValidRoleList
INFO  2022-06-27 12:25:25,283 [WrapperListener_start_runner] [processor: ; event: ] org.mule.runtime.core.internal.construct.FlowConstructLifecycleManager: Initialising flow: get:\role\validlist:v2-config
INFO  2022-06-27 12:25:25,283 [WrapperListener_start_runner] [processor: ; event: ] org.mule.runtime.core.internal.construct.FlowConstructLifecycleManager: Initialising flow: get:\task\verification:v2-config
INFO  2022-06-27 12:25:25,283 [WrapperListener_start_runner] [processor: ; event: ] org.mule.runtime.core.internal.construct.FlowConstructLifecycleManager: Initialising flow: get:\task\(ID):v2-config
INFO  2022-06-27 12:25:25,284 [WrapperListener_start_runner] [processor: ; event: ] org.mule.runtime.core.internal.construct.FlowConstructLifecycleManager: Initialising flow: get:\user\(ID):v2-config
INFO  2022-06-27 12:25:25,284 [WrapperListener_start_runner] [processor: ; event: ] org.mule.runtime.core.internal.construct.FlowConstructLifecycleManager: Initialising flow: createNewModule
INFO  2022-06-27 12:25:25,286 [WrapperListener_start_runner] [processor: ; event: ] org.mule.runtime.core.internal.construct.FlowConstructLifecycleManager: Initialising flow: post:\module:application\json:v2-config
INFO  2022-06-27 12:25:25,289 [WrapperListener_start_runner] [processor: ; event: ] org.mule.runtime.core.internal.construct.FlowConstructLifecycleManager: Initialising flow: post:\moduleprojectmap:application\json:v2-config
INFO  2022-06-27 12:25:25,289 [WrapperListener_start_runner] [processor: ; event: ] org.mule.runtime.core.internal.construct.FlowConstructLifecycleManager: Initialising flow: createNewPriorityProjectMap
INFO  2022-06-27 12:25:25,292 [WrapperListener_start_runner] [processor: ; event: ] org.mule.runtime.core.internal.construct.FlowConstructLifecycleManager: Initialising flow: createNewPriority
INFO  2022-06-27 12:25:25,297 [WrapperListener_start_runner] [processor: ; event: ] org.mule.runtime.core.internal.construct.FlowConstructLifecycleManager: Initialising flow: post:\priority:application\json:v2-config
INFO  2022-06-27 12:25:25,297 [WrapperListener_start_runner] [processor: ; event: ] org.mule.runtime.core.internal.construct.FlowConstructLifecycleManager: Initialising flow: post:\priorityprojectmap:application\json:v2-config
INFO  2022-06-27 12:25:25,298 [WrapperListener_start_runner] [processor: ; event: ] org.mule.runtime.core.internal.construct.FlowConstructLifecycleManager: Initialising flow: post:\project:application\json:v2-config
INFO  2022-06-27 12:25:25,298 [WrapperListener_start_runner] [processor: ; event: ] org.mule.runtime.core.internal.construct.FlowConstructLifecycleManager: Initialising flow: createNewRole
INFO  2022-06-27 12:25:25,301 [WrapperListener_start_runner] [processor: ; event: ] org.mule.runtime.core.internal.construct.FlowConstructLifecycleManager: Initialising flow: post:\role:application\json:v2-config
INFO  2022-06-27 12:25:25,305 [WrapperListener_start_runner] [processor: ; event: ] org.mule.runtime.core.internal.construct.FlowConstructLifecycleManager: Initialising flow: post:\task:application\json:v2-config
INFO  2022-06-27 12:25:25,305 [WrapperListener_start_runner] [processor: ; event: ] org.mule.runtime.core.internal.construct.FlowConstructLifecycleManager: Initialising flow: createNewTypeProjectMap
INFO  2022-06-27 12:25:25,307 [WrapperListener_start_runner] [processor: ; event: ] org.mule.runtime.core.internal.construct.FlowConstructLifecycleManager: Initialising flow: createNewType
INFO  2022-06-27 12:25:25,314 [WrapperListener_start_runner] [processor: ; event: ] org.mule.runtime.core.internal.construct.FlowConstructLifecycleManager: Initialising flow: post:\type:application\json:v2-config
INFO  2022-06-27 12:25:25,314 [WrapperListener_start_runner] [processor: ; event: ] org.mule.runtime.core.internal.construct.FlowConstructLifecycleManager: Initialising flow: post:\typeprojectmap:application\json:v2-config
INFO  2022-06-27 12:25:25,315 [WrapperListener_start_runner] [processor: ; event: ] org.mule.runtime.core.internal.construct.FlowConstructLifecycleManager: Initialising flow: post:\user:application\json:v2-config
INFO  2022-06-27 12:25:25,315 [WrapperListener_start_runner] [processor: ; event: ] org.mule.runtime.core.internal.construct.FlowConstructLifecycleManager: Initialising flow: post:\userprojectmap:application\json:v2-config
INFO  2022-06-27 12:25:25,315 [WrapperListener_start_runner] [processor: ; event: ] org.mule.runtime.core.internal.construct.FlowConstructLifecycleManager: Initialising flow: put:\role:application\json:v2-config
INFO  2022-06-27 12:25:25,316 [WrapperListener_start_runner] [processor: ; event: ] org.mule.runtime.core.internal.construct.FlowConstructLifecycleManager: Initialising flow: put:\task\activityworkflow:application\json:v2-config
INFO  2022-06-27 12:25:25,481 [WrapperListener_start_runner] [processor: ; event: ] org.mule.runtime.core.internal.util.queue.QueueXaResourceManager: Starting ResourceManager
INFO  2022-06-27 12:25:25,481 [WrapperListener_start_runner] [processor: ; event: ] org.mule.runtime.core.internal.util.queue.QueueXaResourceManager: Started ResourceManager
INFO  2022-06-27 12:25:25,491 [WrapperListener_start_runner] [processor: ; event: ] org.mule.runtime.core.privileged.lifecycle.AbstractLifecycleManager: Starting Bean: org.mule.runtime.module.extension.internal.runtime.config.ConfigurationProviderToolingAdapter-rdbms_master_db_config
INFO  2022-06-27 12:25:27,272 [WrapperListener_start_runner] [processor: ; event: ] org.mule.runtime.core.privileged.lifecycle.AbstractLifecycleManager: Starting Bean: org.mule.runtime.module.extension.internal.runtime.config.ConfigurationProviderToolingAdapter-MongoDB_Config
INFO  2022-06-27 12:25:29,127 [[MuleRuntime].io.07: [laniak-core-api-4-2-2].io@org.mule.runtime.module.extension.internal.runtime.config.LifecycleAwareConfigurationInstance.testConnectivity:192 @7e66ece0] [processor: ; event: ] org.mongodb.driver.connection: Opened connection [connectionId{localValue:4, serverValue:371568}] to tsstaskcluster-shard-00-02.8gnng.mongodb.net:27017
INFO  2022-06-27 12:25:29,357 [WrapperListener_start_runner] [processor: ; event: ] org.mule.runtime.core.privileged.lifecycle.AbstractLifecycleManager: Starting Bean: org.mule.runtime.module.extension.internal.runtime.config.ConfigurationProviderToolingAdapter-v2-httpListenerConfig
INFO  2022-06-27 12:25:29,374 [WrapperListener_start_runner] [processor: ; event: ] org.mule.runtime.core.internal.construct.FlowConstructLifecycleManager: Starting flow: createNewModuleProjectMap
INFO  2022-06-27 12:25:33,733 [WrapperListener_start_runner] [processor: ; event: ] org.mule.runtime.core.internal.construct.FlowConstructLifecycleManager: Starting flow: getUserById
INFO  2022-06-27 12:25:33,741 [WrapperListener_start_runner] [processor: ; event: ] org.mule.runtime.core.internal.construct.FlowConstructLifecycleManager: Starting flow: getUserIdFromEmail
INFO  2022-06-27 12:25:33,747 [WrapperListener_start_runner] [processor: ; event: ] org.mule.runtime.core.internal.construct.FlowConstructLifecycleManager: Starting flow: getUsersFromProjectsOnRoleFilter
INFO  2022-06-27 12:25:33,821 [WrapperListener_start_runner] [processor: ; event: ] org.mule.runtime.core.internal.construct.FlowConstructLifecycleManager: Starting flow: mainUserFlow
INFO  2022-06-27 12:25:33,839 [WrapperListener_start_runner] [processor: ; event: ] org.mule.runtime.core.internal.construct.FlowConstructLifecycleManager: Starting flow: createNewUser
INFO  2022-06-27 12:25:33,844 [WrapperListener_start_runner] [processor: ; event: ] org.mule.runtime.core.internal.construct.FlowConstructLifecycleManager: Starting flow: updateUserFlow
INFO  2022-06-27 12:25:33,849 [WrapperListener_start_runner] [processor: ; event: ] org.mule.runtime.core.internal.construct.FlowConstructLifecycleManager: Starting flow: deleteUserFlow
INFO  2022-06-27 12:25:33,856 [WrapperListener_start_runner] [processor: ; event: ] org.mule.runtime.core.internal.construct.FlowConstructLifecycleManager: Starting flow: getAllTasks
INFO  2022-06-27 12:25:33,859 [WrapperListener_start_runner] [processor: ; event: ] org.mule.runtime.core.internal.construct.FlowConstructLifecycleManager: Starting flow: getTaskOnFilterCondition
INFO  2022-06-27 12:25:33,863 [WrapperListener_start_runner] [processor: ; event: ] org.mule.runtime.core.internal.construct.FlowConstructLifecycleManager: Starting flow: mainTaskFlow
INFO  2022-06-27 12:25:33,867 [WrapperListener_start_runner] [processor: ; event: ] org.mule.runtime.core.internal.construct.FlowConstructLifecycleManager: Starting flow: getTasksById
INFO  2022-06-27 12:25:33,874 [WrapperListener_start_runner] [processor: ; event: ] org.mule.runtime.core.internal.construct.FlowConstructLifecycleManager: Starting flow: getTaskActivity
INFO  2022-06-27 12:25:33,878 [WrapperListener_start_runner] [processor: ; event: ] org.mule.runtime.core.internal.construct.FlowConstructLifecycleManager: Starting flow: getTaskByIdWithActivity
INFO  2022-06-27 12:25:33,882 [WrapperListener_start_runner] [processor: ; event: ] org.mule.runtime.core.internal.construct.FlowConstructLifecycleManager: Starting flow: mainTaskById
INFO  2022-06-27 12:25:33,886 [WrapperListener_start_runner] [processor: ; event: ] org.mule.runtime.core.internal.construct.FlowConstructLifecycleManager: Starting flow: getUserBasedTaskSummary
INFO  2022-06-27 12:25:33,890 [WrapperListener_start_runner] [processor: ; event: ] org.mule.runtime.core.internal.construct.FlowConstructLifecycleManager: Starting flow: getTaskSummary
INFO  2022-06-27 12:25:33,894 [WrapperListener_start_runner] [processor: ; event: ] org.mule.runtime.core.internal.construct.FlowConstructLifecycleManager: Starting flow: getDetailedTaskSummary
INFO  2022-06-27 12:25:33,898 [WrapperListener_start_runner] [processor: ; event: ] org.mule.runtime.core.internal.construct.FlowConstructLifecycleManager: Starting flow: getUserBasedDetailedTaskSummary
INFO  2022-06-27 12:25:33,900 [WrapperListener_start_runner] [processor: ; event: ] org.mule.runtime.core.internal.construct.FlowConstructLifecycleManager: Starting flow: mainTaskSummaryFlow
INFO  2022-06-27 12:25:33,906 [WrapperListener_start_runner] [processor: ; event: ] org.mule.runtime.core.internal.construct.FlowConstructLifecycleManager: Starting flow: getVerificationCommits
INFO  2022-06-27 12:25:33,909 [WrapperListener_start_runner] [processor: ; event: ] org.mule.runtime.core.internal.construct.FlowConstructLifecycleManager: Starting flow: getVerificationDeletes
INFO  2022-06-27 12:25:33,913 [WrapperListener_start_runner] [processor: ; event: ] org.mule.runtime.core.internal.construct.FlowConstructLifecycleManager: Starting flow: mainTaskVerificationFlow
INFO  2022-06-27 12:25:33,917 [WrapperListener_start_runner] [processor: ; event: ] org.mule.runtime.core.internal.construct.FlowConstructLifecycleManager: Starting flow: getUserBasedRCSUtilization
INFO  2022-06-27 12:25:33,919 [WrapperListener_start_runner] [processor: ; event: ] org.mule.runtime.core.internal.construct.FlowConstructLifecycleManager: Starting flow: getAllRCSUtilization
INFO  2022-06-27 12:25:33,922 [WrapperListener_start_runner] [processor: ; event: ] org.mule.runtime.core.internal.construct.FlowConstructLifecycleManager: Starting flow: getUserBasedRCSSummary
INFO  2022-06-27 12:25:33,924 [WrapperListener_start_runner] [processor: ; event: ] org.mule.runtime.core.internal.construct.FlowConstructLifecycleManager: Starting flow: getAllRCSSummary
INFO  2022-06-27 12:25:33,927 [WrapperListener_start_runner] [processor: ; event: ] org.mule.runtime.core.internal.construct.FlowConstructLifecycleManager: Starting flow: mainTaskRCSUtilizationFlow
INFO  2022-06-27 12:25:33,933 [WrapperListener_start_runner] [processor: ; event: ] org.mule.runtime.core.internal.construct.FlowConstructLifecycleManager: Starting flow: createNewTask
INFO  2022-06-27 12:25:33,935 [WrapperListener_start_runner] [processor: ; event: ] org.mule.runtime.core.internal.construct.FlowConstructLifecycleManager: Starting flow: mainUpdateTaskFlow
INFO  2022-06-27 12:25:33,973 [WrapperListener_start_runner] [processor: ; event: ] org.mule.runtime.core.internal.construct.FlowConstructLifecycleManager: Starting flow: deleteTaskFlow
INFO  2022-06-27 12:25:33,977 [WrapperListener_start_runner] [processor: ; event: ] org.mule.runtime.core.internal.construct.FlowConstructLifecycleManager: Starting flow: updateTaskWorkflowStatus
INFO  2022-06-27 12:25:33,994 [WrapperListener_start_runner] [processor: ; event: ] org.mule.runtime.core.internal.construct.FlowConstructLifecycleManager: Starting flow: updateTaskWorkflowActivity
INFO  2022-06-27 12:25:34,006 [WrapperListener_start_runner] [processor: ; event: ] org.mule.runtime.core.internal.construct.FlowConstructLifecycleManager: Starting flow: updateTaskCommentActivity
INFO  2022-06-27 12:25:34,018 [WrapperListener_start_runner] [processor: ; event: ] org.mule.runtime.core.internal.construct.FlowConstructLifecycleManager: Starting flow: mainTaskActivityWorkflowUpdateFlow
INFO  2022-06-27 12:25:34,025 [WrapperListener_start_runner] [processor: ; event: ] org.mule.runtime.core.internal.construct.FlowConstructLifecycleManager: Starting flow: getProjectIdFromName
INFO  2022-06-27 12:25:34,028 [WrapperListener_start_runner] [processor: ; event: ] org.mule.runtime.core.internal.construct.FlowConstructLifecycleManager: Starting flow: getProjectListForUser
INFO  2022-06-27 12:25:34,030 [WrapperListener_start_runner] [processor: ; event: ] org.mule.runtime.core.internal.construct.FlowConstructLifecycleManager: Starting flow: getCommonProjectsListForUsers
INFO  2022-06-27 12:25:34,032 [WrapperListener_start_runner] [processor: ; event: ] org.mule.runtime.core.internal.construct.FlowConstructLifecycleManager: Starting flow: getAllProjects
INFO  2022-06-27 12:25:34,035 [WrapperListener_start_runner] [processor: ; event: ] org.mule.runtime.core.internal.construct.FlowConstructLifecycleManager: Starting flow: mainProjectFlow
INFO  2022-06-27 12:25:34,040 [WrapperListener_start_runner] [processor: ; event: ] org.mule.runtime.core.internal.construct.FlowConstructLifecycleManager: Starting flow: createNewProject
INFO  2022-06-27 12:25:34,045 [WrapperListener_start_runner] [processor: ; event: ] org.mule.runtime.core.internal.construct.FlowConstructLifecycleManager: Starting flow: deleteProjectFlow
INFO  2022-06-27 12:25:34,050 [WrapperListener_start_runner] [processor: ; event: ] org.mule.runtime.core.internal.construct.FlowConstructLifecycleManager: Starting flow: v2-main
INFO  2022-06-27 12:25:34,060 [WrapperListener_start_runner] [processor: ; event: ] org.mule.runtime.core.internal.construct.FlowConstructLifecycleManager: Starting flow: v2-console
INFO  2022-06-27 12:25:34,063 [WrapperListener_start_runner] [processor: ; event: ] org.mule.runtime.core.internal.construct.FlowConstructLifecycleManager: Starting flow: put:\role:v2-config
INFO  2022-06-27 12:25:34,064 [WrapperListener_start_runner] [processor: ; event: ] org.mule.runtime.core.internal.construct.FlowConstructLifecycleManager: Starting flow: put:\userprojectmap:application\json:v2-config
INFO  2022-06-27 12:25:34,066 [WrapperListener_start_runner] [processor: ; event: ] org.mule.runtime.core.internal.construct.FlowConstructLifecycleManager: Starting flow: put:\task\(ID):application\json:v2-config
INFO  2022-06-27 12:25:34,068 [WrapperListener_start_runner] [processor: ; event: ] org.mule.runtime.core.internal.construct.FlowConstructLifecycleManager: Starting flow: put:\user\(ID):application\json:v2-config
INFO  2022-06-27 12:25:34,069 [WrapperListener_start_runner] [processor: ; event: ] org.mule.runtime.core.internal.construct.FlowConstructLifecycleManager: Starting flow: delete:\module:application\json:v2-config
INFO  2022-06-27 12:25:34,071 [WrapperListener_start_runner] [processor: ; event: ] org.mule.runtime.core.internal.construct.FlowConstructLifecycleManager: Starting flow: delete:\priority:application\json:v2-config
INFO  2022-06-27 12:25:34,072 [WrapperListener_start_runner] [processor: ; event: ] org.mule.runtime.core.internal.construct.FlowConstructLifecycleManager: Starting flow: delete:\project:application\json:v2-config
INFO  2022-06-27 12:25:34,074 [WrapperListener_start_runner] [processor: ; event: ] org.mule.runtime.core.internal.construct.FlowConstructLifecycleManager: Starting flow: delete:\role:application\json:v2-config
INFO  2022-06-27 12:25:34,076 [WrapperListener_start_runner] [processor: ; event: ] org.mule.runtime.core.internal.construct.FlowConstructLifecycleManager: Starting flow: delete:\task:application\json:v2-config
INFO  2022-06-27 12:25:34,078 [WrapperListener_start_runner] [processor: ; event: ] org.mule.runtime.core.internal.construct.FlowConstructLifecycleManager: Starting flow: delete:\type:application\json:v2-config
INFO  2022-06-27 12:25:34,080 [WrapperListener_start_runner] [processor: ; event: ] org.mule.runtime.core.internal.construct.FlowConstructLifecycleManager: Starting flow: delete:\user:application\json:v2-config
INFO  2022-06-27 12:25:34,081 [WrapperListener_start_runner] [processor: ; event: ] org.mule.runtime.core.internal.construct.FlowConstructLifecycleManager: Starting flow: delete:\userprojectmap:application\json:v2-config
INFO  2022-06-27 12:25:34,083 [WrapperListener_start_runner] [processor: ; event: ] org.mule.runtime.core.internal.construct.FlowConstructLifecycleManager: Starting flow: get:\task\verification\commit:v2-config
INFO  2022-06-27 12:25:34,084 [WrapperListener_start_runner] [processor: ; event: ] org.mule.runtime.core.internal.construct.FlowConstructLifecycleManager: Starting flow: get:\task\verification\delete:v2-config
INFO  2022-06-27 12:25:34,087 [WrapperListener_start_runner] [processor: ; event: ] org.mule.runtime.core.internal.construct.FlowConstructLifecycleManager: Starting flow: get:\module:v2-config
INFO  2022-06-27 12:25:34,089 [WrapperListener_start_runner] [processor: ; event: ] org.mule.runtime.core.internal.construct.FlowConstructLifecycleManager: Starting flow: get:\priority:v2-config
INFO  2022-06-27 12:25:34,091 [WrapperListener_start_runner] [processor: ; event: ] org.mule.runtime.core.internal.construct.FlowConstructLifecycleManager: Starting flow: get:\project:v2-config
INFO  2022-06-27 12:25:34,093 [WrapperListener_start_runner] [processor: ; event: ] org.mule.runtime.core.internal.construct.FlowConstructLifecycleManager: Starting flow: get:\task\rcs_util:v2-config
INFO  2022-06-27 12:25:34,095 [WrapperListener_start_runner] [processor: ; event: ] org.mule.runtime.core.internal.construct.FlowConstructLifecycleManager: Starting flow: get:\role:v2-config
INFO  2022-06-27 12:25:34,097 [WrapperListener_start_runner] [processor: ; event: ] org.mule.runtime.core.internal.construct.FlowConstructLifecycleManager: Starting flow: get:\role\small:v2-config
INFO  2022-06-27 12:25:34,099 [WrapperListener_start_runner] [processor: ; event: ] org.mule.runtime.core.internal.construct.FlowConstructLifecycleManager: Starting flow: get:\task\summary:v2-config
INFO  2022-06-27 12:25:34,102 [WrapperListener_start_runner] [processor: ; event: ] org.mule.runtime.core.internal.construct.FlowConstructLifecycleManager: Starting flow: get:\task:v2-config
INFO  2022-06-27 12:25:34,104 [WrapperListener_start_runner] [processor: ; event: ] org.mule.runtime.core.internal.construct.FlowConstructLifecycleManager: Starting flow: get:\type:v2-config
INFO  2022-06-27 12:25:34,107 [WrapperListener_start_runner] [processor: ; event: ] org.mule.runtime.core.internal.construct.FlowConstructLifecycleManager: Starting flow: get:\user:v2-config
INFO  2022-06-27 12:25:34,110 [WrapperListener_start_runner] [processor: ; event: ] org.mule.runtime.core.internal.construct.FlowConstructLifecycleManager: Starting flow: get:\role\validlist:v2-config
INFO  2022-06-27 12:25:34,112 [WrapperListener_start_runner] [processor: ; event: ] org.mule.runtime.core.internal.construct.FlowConstructLifecycleManager: Starting flow: get:\task\verification:v2-config
INFO  2022-06-27 12:25:34,114 [WrapperListener_start_runner] [processor: ; event: ] org.mule.runtime.core.internal.construct.FlowConstructLifecycleManager: Starting flow: get:\task\(ID):v2-config
INFO  2022-06-27 12:25:34,117 [WrapperListener_start_runner] [processor: ; event: ] org.mule.runtime.core.internal.construct.FlowConstructLifecycleManager: Starting flow: get:\user\(ID):v2-config
INFO  2022-06-27 12:25:34,119 [WrapperListener_start_runner] [processor: ; event: ] org.mule.runtime.core.internal.construct.FlowConstructLifecycleManager: Starting flow: post:\module:application\json:v2-config
INFO  2022-06-27 12:25:34,121 [WrapperListener_start_runner] [processor: ; event: ] org.mule.runtime.core.internal.construct.FlowConstructLifecycleManager: Starting flow: post:\moduleprojectmap:application\json:v2-config
INFO  2022-06-27 12:25:34,123 [WrapperListener_start_runner] [processor: ; event: ] org.mule.runtime.core.internal.construct.FlowConstructLifecycleManager: Starting flow: post:\priority:application\json:v2-config
INFO  2022-06-27 12:25:34,125 [WrapperListener_start_runner] [processor: ; event: ] org.mule.runtime.core.internal.construct.FlowConstructLifecycleManager: Starting flow: post:\priorityprojectmap:application\json:v2-config
INFO  2022-06-27 12:25:34,128 [WrapperListener_start_runner] [processor: ; event: ] org.mule.runtime.core.internal.construct.FlowConstructLifecycleManager: Starting flow: post:\project:application\json:v2-config
INFO  2022-06-27 12:25:34,130 [WrapperListener_start_runner] [processor: ; event: ] org.mule.runtime.core.internal.construct.FlowConstructLifecycleManager: Starting flow: post:\role:application\json:v2-config
INFO  2022-06-27 12:25:34,133 [WrapperListener_start_runner] [processor: ; event: ] org.mule.runtime.core.internal.construct.FlowConstructLifecycleManager: Starting flow: post:\task:application\json:v2-config
INFO  2022-06-27 12:25:34,135 [WrapperListener_start_runner] [processor: ; event: ] org.mule.runtime.core.internal.construct.FlowConstructLifecycleManager: Starting flow: post:\type:application\json:v2-config
INFO  2022-06-27 12:25:34,138 [WrapperListener_start_runner] [processor: ; event: ] org.mule.runtime.core.internal.construct.FlowConstructLifecycleManager: Starting flow: post:\typeprojectmap:application\json:v2-config
INFO  2022-06-27 12:25:34,140 [WrapperListener_start_runner] [processor: ; event: ] org.mule.runtime.core.internal.construct.FlowConstructLifecycleManager: Starting flow: post:\user:application\json:v2-config
INFO  2022-06-27 12:25:34,142 [WrapperListener_start_runner] [processor: ; event: ] org.mule.runtime.core.internal.construct.FlowConstructLifecycleManager: Starting flow: post:\userprojectmap:application\json:v2-config
INFO  2022-06-27 12:25:34,144 [WrapperListener_start_runner] [processor: ; event: ] org.mule.runtime.core.internal.construct.FlowConstructLifecycleManager: Starting flow: put:\role:application\json:v2-config
INFO  2022-06-27 12:25:34,146 [WrapperListener_start_runner] [processor: ; event: ] org.mule.runtime.core.internal.construct.FlowConstructLifecycleManager: Starting flow: put:\task\activityworkflow:application\json:v2-config
INFO  2022-06-27 12:25:34,148 [WrapperListener_start_runner] [processor: ; event: ] org.mule.runtime.core.internal.construct.FlowConstructLifecycleManager: Starting flow: getModuleIdFromName
INFO  2022-06-27 12:25:34,152 [WrapperListener_start_runner] [processor: ; event: ] org.mule.runtime.core.internal.construct.FlowConstructLifecycleManager: Starting flow: getModulesFromProject
INFO  2022-06-27 12:25:34,154 [WrapperListener_start_runner] [processor: ; event: ] org.mule.runtime.core.internal.construct.FlowConstructLifecycleManager: Starting flow: mainModuleFlow
INFO  2022-06-27 12:25:34,157 [WrapperListener_start_runner] [processor: ; event: ] org.mule.runtime.core.internal.construct.FlowConstructLifecycleManager: Starting flow: createNewModule
INFO  2022-06-27 12:25:34,161 [WrapperListener_start_runner] [processor: ; event: ] org.mule.runtime.core.internal.construct.FlowConstructLifecycleManager: Starting flow: deleteModuleFlow
INFO  2022-06-27 12:25:34,165 [WrapperListener_start_runner] [processor: ; event: ] org.mule.runtime.core.internal.construct.FlowConstructLifecycleManager: Starting flow: createNewTypeProjectMap
INFO  2022-06-27 12:25:34,169 [WrapperListener_start_runner] [processor: ; event: ] org.mule.runtime.core.internal.construct.FlowConstructLifecycleManager: Starting flow: createNewPriorityProjectMap
INFO  2022-06-27 12:25:34,172 [WrapperListener_start_runner] [processor: ; event: ] org.mule.runtime.core.internal.construct.FlowConstructLifecycleManager: Starting flow: generateNewId
INFO  2022-06-27 12:25:34,174 [WrapperListener_start_runner] [processor: ; event: ] org.mule.runtime.core.internal.construct.FlowConstructLifecycleManager: Starting flow: createNewUserProjectMap
INFO  2022-06-27 12:25:34,176 [WrapperListener_start_runner] [processor: ; event: ] org.mule.runtime.core.internal.construct.FlowConstructLifecycleManager: Starting flow: updateUserProjectMapFlow
INFO  2022-06-27 12:25:34,179 [WrapperListener_start_runner] [processor: ; event: ] org.mule.runtime.core.internal.construct.FlowConstructLifecycleManager: Starting flow: deleteUserProjectMapFlow
INFO  2022-06-27 12:25:34,183 [WrapperListener_start_runner] [processor: ; event: ] org.mule.runtime.core.internal.construct.FlowConstructLifecycleManager: Starting flow: getTypeIdFromName
INFO  2022-06-27 12:25:34,184 [WrapperListener_start_runner] [processor: ; event: ] org.mule.runtime.core.internal.construct.FlowConstructLifecycleManager: Starting flow: getTypesFromProject
INFO  2022-06-27 12:25:34,186 [WrapperListener_start_runner] [processor: ; event: ] org.mule.runtime.core.internal.construct.FlowConstructLifecycleManager: Starting flow: mainTypeFlow
INFO  2022-06-27 12:25:34,189 [WrapperListener_start_runner] [processor: ; event: ] org.mule.runtime.core.internal.construct.FlowConstructLifecycleManager: Starting flow: createNewType
INFO  2022-06-27 12:25:34,193 [WrapperListener_start_runner] [processor: ; event: ] org.mule.runtime.core.internal.construct.FlowConstructLifecycleManager: Starting flow: deleteTypeFlow
INFO  2022-06-27 12:25:34,197 [WrapperListener_start_runner] [processor: ; event: ] org.mule.runtime.core.internal.construct.FlowConstructLifecycleManager: Starting flow: getAllRoles
INFO  2022-06-27 12:25:34,198 [WrapperListener_start_runner] [processor: ; event: ] org.mule.runtime.core.internal.construct.FlowConstructLifecycleManager: Starting flow: getRoleIdFromUserId
INFO  2022-06-27 12:25:34,200 [WrapperListener_start_runner] [processor: ; event: ] org.mule.runtime.core.internal.construct.FlowConstructLifecycleManager: Starting flow: getValidRoleList
INFO  2022-06-27 12:25:34,203 [WrapperListener_start_runner] [processor: ; event: ] org.mule.runtime.core.internal.construct.FlowConstructLifecycleManager: Starting flow: getSmallerRoles
INFO  2022-06-27 12:25:34,204 [WrapperListener_start_runner] [processor: ; event: ] org.mule.runtime.core.internal.construct.FlowConstructLifecycleManager: Starting flow: mainRoleFlow
INFO  2022-06-27 12:25:34,206 [WrapperListener_start_runner] [processor: ; event: ] org.mule.runtime.core.internal.construct.FlowConstructLifecycleManager: Starting flow: createNewRole
INFO  2022-06-27 12:25:34,211 [WrapperListener_start_runner] [processor: ; event: ] org.mule.runtime.core.internal.construct.FlowConstructLifecycleManager: Starting flow: updateRoleFlow
INFO  2022-06-27 12:25:34,213 [WrapperListener_start_runner] [processor: ; event: ] org.mule.runtime.core.internal.construct.FlowConstructLifecycleManager: Starting flow: deleteRoleFlow
INFO  2022-06-27 12:25:34,217 [WrapperListener_start_runner] [processor: ; event: ] org.mule.runtime.core.internal.construct.FlowConstructLifecycleManager: Starting flow: getPriorityIdFromName
INFO  2022-06-27 12:25:34,218 [WrapperListener_start_runner] [processor: ; event: ] org.mule.runtime.core.internal.construct.FlowConstructLifecycleManager: Starting flow: getPrioritiesFromProject
INFO  2022-06-27 12:25:34,220 [WrapperListener_start_runner] [processor: ; event: ] org.mule.runtime.core.internal.construct.FlowConstructLifecycleManager: Starting flow: mainPriorityFlow
INFO  2022-06-27 12:25:34,223 [WrapperListener_start_runner] [processor: ; event: ] org.mule.runtime.core.internal.construct.FlowConstructLifecycleManager: Starting flow: createNewPriority
INFO  2022-06-27 12:25:34,226 [WrapperListener_start_runner] [processor: ; event: ] org.mule.runtime.core.internal.construct.FlowConstructLifecycleManager: Starting flow: deletePriorityFlow
INFO  2022-06-27 12:25:34,244 [WrapperListener_start_runner] [processor: ; event: ] org.mule.runtime.core.privileged.lifecycle.AbstractLifecycleManager: Starting Bean: listener
INFO  2022-06-27 12:25:34,246 [WrapperListener_start_runner] [processor: ; event: ] org.mule.runtime.core.privileged.lifecycle.AbstractLifecycleManager: Starting Bean: listener
INFO  2022-06-27 12:25:34,248 [WrapperListener_start_runner] [processor: ; event: ] org.mule.runtime.core.internal.logging.LogUtil: 
**********************************************************************
* Application: laniak-core-api-4-2-2                                 *
* OS encoding: windows-1252, Mule encoding: UTF-8                    *
*                                                                    *
**********************************************************************
