--> Wrapper Started as Console
Java Service Wrapper Standard Edition 64-bit 3.5.37
  Copyright (C) 1999-2018 Tanuki Software, Ltd. All Rights Reserved.
    http://wrapper.tanukisoftware.com
  Licensed to MuleSoft Inc. for Mule Runtime Enterprise Edition

Running in a console with QuickEdit Mode. Be careful when selecting text in the
  console as this may cause to block the Java Application.

Launching a JVM...
Starting the Mule Container...
WrapperManager: Initializing...

Valid license key --> Evaluation = true, Expiration Date = Wed Jul 27 00:00:00 IST 2022, Contact Name = MuleSoft Support, Contact Email Address = support@mulesoft.com, Contact Telephone = support@mulesoft.com, Contact Company = MuleSoft, Contact Country = US, Entitlements = 


**********************************************************************
*                                                                    *
*                         (((((((((((((((((((                        *
*                     (((((                 ((((#                    *
*                  &(((                        *(((                  *
*                &(((                             (((                *
*               (((     (((%               (((#     (((              *
*              ((     (((((((             (((((((    (((             *
*             ((     (((((((((           (((((((((     ((            *
*            ((    #(((((((((((        #(((((((((((    (((           *
*           #((    ((((((((((((((     ((((((((((((((    ((           *
*           ((    ((((((  /(((((((   (((((((  /((((((    ((          *
*           ((    ((((((    (((((((&(((((((    ((((((    ((          *
*           ((    (((((      ((((((((((((*     ((((((    ((          *
*           ((    ((((((      *(((((((((       ((((((    ((          *
*           ((    ((((((        (((((((        ((((((   (((          *
*            ((    ((((((                     ((((((    ((           *
*            ((#    ((((((#                 (((((((    ((            *
*             ((#    ((((((((             ((((((((    (((            *
*              (((    (((((((              (((((     ((.             *
*                ((      (((               (((     #((               *
*                 /((                            (((                 *
*                    (((                      &(((                   *
*                      *((((&             &((((                      *
*                           ((((((((((((((/                          *
*                                                                    *
*    ___  ___      _        ______            _   _                  *
*    |  \/  |     | |       | ___ \          | | (_)                 *
*    | .  . |_   _| | ___   | |_/ /   _ _ __ | |_ _ _ __ ___   ___   *
*    | |\/| | | | | |/ _ \  |    / | | | '_ \| __| | '_ ` _ \ / _ \  *
*    | |  | | |_| | |  __/  | |\ \ |_| | | | | |_| | | | | | |  __/  *
*    \_|  |_/\__,_|_|\___|  \_| \_\__,_|_| |_|\__|_|_| |_| |_|\___|  *
*                                                                    *
*                                                                    *
* Mule Runtime and Integration Platform                              *
* Version: 4.2.2 Build: e790fb3a                                     *
* MuleSoft, Inc.                                                     *
* For more information go to                                         *
* https://www.mulesoft.com/platform/soa/mule-esb-enterprise          *
*                                                                    *
* Server started: 27/06/22 11:53 AM                                  *
* JDK: 1.8.0_311 (mixed mode)                                        *
* JDK properties:                                                    *
*  - java.vendor = Oracle Corporation                                *
*  - java.vm.name = Java HotSpot(TM) 64-Bit Server VM                *
*  - java.home = C:\Program Files\Java\jre1.8.0_311                  *
* OS: Windows 10 -  (10.0, amd64)                                    *
* Host: DESKTOP-V1U00R6 (172.30.16.1)                                *
* Mule services:                                                     *
*  - api-gateway-contract-service-1.1.0                              *
*  - api-gateway-events-collector-service-1.1.0                      *
*  - mule-service-http-ee-1.5.0                                      *
*  - mule-service-oauth-1.3.2                                        *
*  - mule-service-scheduler-1.2.4                                    *
*  - mule-service-soap-1.2.1                                         *
*  - mule-service-weave-ee-2.2.2                                     *
* Mule server plugins:                                               *
*  - .gitkeep                                                        *
* Applied artifact patches:                                          *
*  - SE-12551-1.0.0-1.0.1-1.0.jar                                    *
*  - SE-12551-1.1.0-1.1.15-2.0.jar                                   *
*  - SE-12551-1.2.0-1.3.0-1.0.jar                                    *
*  - SE-12551-1.3.1-1.3.4-1.0.jar                                    *
*  - SE-12562-1.0.0-1.5.5-1.0.jar                                    *
* Mule system properties:                                            *
*  - mule.metadata.cache.expirationInterval.millis = 5000            *
*  - mule.base = C:\MuleRuntime\mule-heroku-dyno                     *
*  - mule.home = C:\MuleRuntime\mule-heroku-dyno                     *
*  - mule.metadata.cache.entryTtl.minutes = 10                       *
**********************************************************************

**********************************************************************
* Cluster configuration                                              *
*                                                                    *
* Cluster mode disabled                                              *
**********************************************************************
WARN  2022-06-27 11:53:27,705 [WrapperListener_start_runner] [event: ] org.mule.runtime.deployment.model.internal.DefaultRegionPluginClassLoadersFactory: Plugin 'HTTP' contains a local package 'com.sun.activation.viewers', but it will be ignored since it is already available from the container.
WARN  2022-06-27 11:53:27,705 [WrapperListener_start_runner] [event: ] org.mule.runtime.deployment.model.internal.DefaultRegionPluginClassLoadersFactory: Plugin 'HTTP' contains a local package 'com.sun.activation.registries', but it will be ignored since it is already available from the container.
WARN  2022-06-27 11:53:27,705 [WrapperListener_start_runner] [event: ] org.mule.runtime.deployment.model.internal.DefaultRegionPluginClassLoadersFactory: Plugin 'HTTP' contains a local package 'javax.activation', but it will be ignored since it is already available from the container.
WARN  2022-06-27 11:53:27,705 [WrapperListener_start_runner] [event: ] org.mule.runtime.deployment.model.internal.DefaultRegionPluginClassLoadersFactory: Plugin 'HTTP' contains a local package 'javax.annotation', but it will be ignored since it is already available from the container.

++++++++++++++++++++++++++++++++++++++++++++++++++++++++++++++++++++++++++++++++
+ Disposing domain 'Domain-Listener-1.0.0-SNAPSHOT-mule-domain'                +
++++++++++++++++++++++++++++++++++++++++++++++++++++++++++++++++++++++++++++++++

++++++++++++++++++++++++++++++++++++++++++++++++++++++++++++++++++++++++++++++++
+ Failed to deploy artifact 'Domain-Listener-1.0.0-SNAPSHOT-mule-domain',      +
+ org.mule.runtime.deployment.model.api.DeploymentInitException:               +
+ PropertyNotFoundException: Couldn't find configuration property value for    +
+ key ${PORT} from properties provider environment properties provider -       +
+ within resolver Deployment properties trying to process key PORT - within    +
+ resolver global-properties configuration attributes trying to process key    +
+ PORT - within resolver environment properties provider trying to process     +
+ key PORT - within resolver Deployment properties trying to process key PORT  +
+ - within resolver global-properties configuration attributes trying to       +
+ process key PORT - within resolver environment properties provider trying    +
+ to process key PORT - within resolver Deployment properties trying to        +
+ process key PORT - within resolver External files trying to process key      +
+ PORT - within resolver Deployment properties trying to process key PORT      +
++++++++++++++++++++++++++++++++++++++++++++++++++++++++++++++++++++++++++++++++
ERROR 2022-06-27 11:53:29,463 [WrapperListener_start_runner] [event: ] org.mule.runtime.module.deployment.internal.DefaultArchiveDeployer: Failed to deploy artifact [Domain-Listener-1.0.0-SNAPSHOT-mule-domain]
org.mule.runtime.deployment.model.api.DeploymentException: Failed to deploy artifact [Domain-Listener-1.0.0-SNAPSHOT-mule-domain]
Caused by: org.mule.runtime.api.exception.MuleRuntimeException: org.mule.runtime.deployment.model.api.DeploymentInitException: PropertyNotFoundException: Couldn't find configuration property value for key ${PORT} from properties provider environment properties provider - within resolver Deployment properties trying to process key PORT - within resolver global-properties configuration attributes trying to process key PORT - within resolver environment properties provider trying to process key PORT - within resolver Deployment properties trying to process key PORT - within resolver global-properties configuration attributes trying to process key PORT - within resolver environment properties provider trying to process key PORT - within resolver Deployment properties trying to process key PORT - within resolver External files trying to process key PORT - within resolver Deployment properties trying to process key PORT
Caused by: org.mule.runtime.deployment.model.api.DeploymentInitException: PropertyNotFoundException: Couldn't find configuration property value for key ${PORT} from properties provider environment properties provider - within resolver Deployment properties trying to process key PORT - within resolver global-properties configuration attributes trying to process key PORT - within resolver environment properties provider trying to process key PORT - within resolver Deployment properties trying to process key PORT - within resolver global-properties configuration attributes trying to process key PORT - within resolver environment properties provider trying to process key PORT - within resolver Deployment properties trying to process key PORT - within resolver External files trying to process key PORT - within resolver Deployment properties trying to process key PORT
Caused by: org.mule.runtime.core.api.config.ConfigurationException: Couldn't find configuration property value for key ${PORT} from properties provider environment properties provider - within resolver Deployment properties trying to process key PORT - within resolver global-properties configuration attributes trying to process key PORT - within resolver environment properties provider trying to process key PORT - within resolver Deployment properties trying to process key PORT - within resolver global-properties configuration attributes trying to process key PORT - within resolver environment properties provider trying to process key PORT - within resolver Deployment properties trying to process key PORT - within resolver External files trying to process key PORT - within resolver Deployment properties trying to process key PORT
Caused by: org.mule.runtime.config.internal.dsl.model.config.PropertyNotFoundException: Couldn't find configuration property value for key ${PORT} from properties provider environment properties provider - within resolver Deployment properties trying to process key PORT - within resolver global-properties configuration attributes trying to process key PORT - within resolver environment properties provider trying to process key PORT - within resolver Deployment properties trying to process key PORT - within resolver global-properties configuration attributes trying to process key PORT - within resolver environment properties provider trying to process key PORT - within resolver Deployment properties trying to process key PORT - within resolver External files trying to process key PORT - within resolver Deployment properties trying to process key PORT

**********************************************************************
* Started domain 'default'                                           *
**********************************************************************

++++++++++++++++++++++++++++++++++++++++++++++++++++++++++++++++++++++++++++++++
+ Mule is up and kicking (every 5000ms)                                        +
++++++++++++++++++++++++++++++++++++++++++++++++++++++++++++++++++++++++++++++++

**********************************************************************
*              - - + DOMAIN + - -               * - - + STATUS + - - *
**********************************************************************
* default                                       * DEPLOYED           *
* Domain-Listener-1.0.0-SNAPSHOT-mule-domain    * FAILED             *
**********************************************************************

--> Wrapper Started as Console
Java Service Wrapper Standard Edition 64-bit 3.5.37
  Copyright (C) 1999-2018 Tanuki Software, Ltd. All Rights Reserved.
    http://wrapper.tanukisoftware.com
  Licensed to MuleSoft Inc. for Mule Runtime Enterprise Edition

Running in a console with QuickEdit Mode. Be careful when selecting text in the
  console as this may cause to block the Java Application.

Launching a JVM...
Starting the Mule Container...
WrapperManager: Initializing...

Valid license key --> Evaluation = true, Expiration Date = Wed Jul 27 00:00:00 IST 2022, Contact Name = MuleSoft Support, Contact Email Address = support@mulesoft.com, Contact Telephone = support@mulesoft.com, Contact Company = MuleSoft, Contact Country = US, Entitlements = 


**********************************************************************
*                                                                    *
*                         (((((((((((((((((((                        *
*                     (((((                 ((((#                    *
*                  &(((                        *(((                  *
*                &(((                             (((                *
*               (((     (((%               (((#     (((              *
*              ((     (((((((             (((((((    (((             *
*             ((     (((((((((           (((((((((     ((            *
*            ((    #(((((((((((        #(((((((((((    (((           *
*           #((    ((((((((((((((     ((((((((((((((    ((           *
*           ((    ((((((  /(((((((   (((((((  /((((((    ((          *
*           ((    ((((((    (((((((&(((((((    ((((((    ((          *
*           ((    (((((      ((((((((((((*     ((((((    ((          *
*           ((    ((((((      *(((((((((       ((((((    ((          *
*           ((    ((((((        (((((((        ((((((   (((          *
*            ((    ((((((                     ((((((    ((           *
*            ((#    ((((((#                 (((((((    ((            *
*             ((#    ((((((((             ((((((((    (((            *
*              (((    (((((((              (((((     ((.             *
*                ((      (((               (((     #((               *
*                 /((                            (((                 *
*                    (((                      &(((                   *
*                      *((((&             &((((                      *
*                           ((((((((((((((/                          *
*                                                                    *
*    ___  ___      _        ______            _   _                  *
*    |  \/  |     | |       | ___ \          | | (_)                 *
*    | .  . |_   _| | ___   | |_/ /   _ _ __ | |_ _ _ __ ___   ___   *
*    | |\/| | | | | |/ _ \  |    / | | | '_ \| __| | '_ ` _ \ / _ \  *
*    | |  | | |_| | |  __/  | |\ \ |_| | | | | |_| | | | | | |  __/  *
*    \_|  |_/\__,_|_|\___|  \_| \_\__,_|_| |_|\__|_|_| |_| |_|\___|  *
*                                                                    *
*                                                                    *
* Mule Runtime and Integration Platform                              *
* Version: 4.2.2 Build: e790fb3a                                     *
* MuleSoft, Inc.                                                     *
* For more information go to                                         *
* https://www.mulesoft.com/platform/soa/mule-esb-enterprise          *
*                                                                    *
* Server started: 27/06/22 12:25 PM                                  *
* JDK: 1.8.0_311 (mixed mode)                                        *
* JDK properties:                                                    *
*  - java.vendor = Oracle Corporation                                *
*  - java.vm.name = Java HotSpot(TM) 64-Bit Server VM                *
*  - java.home = C:\Program Files\Java\jre1.8.0_311                  *
* OS: Windows 10 -  (10.0, amd64)                                    *
* Host: DESKTOP-V1U00R6 (172.30.16.1)                                *
* Mule services:                                                     *
*  - api-gateway-contract-service-1.1.0                              *
*  - api-gateway-events-collector-service-1.1.0                      *
*  - mule-service-http-ee-1.5.0                                      *
*  - mule-service-oauth-1.3.2                                        *
*  - mule-service-scheduler-1.2.4                                    *
*  - mule-service-soap-1.2.1                                         *
*  - mule-service-weave-ee-2.2.2                                     *
* Mule server plugins:                                               *
*  - .gitkeep                                                        *
* Applied artifact patches:                                          *
*  - SE-12551-1.0.0-1.0.1-1.0.jar                                    *
*  - SE-12551-1.1.0-1.1.15-2.0.jar                                   *
*  - SE-12551-1.2.0-1.3.0-1.0.jar                                    *
*  - SE-12551-1.3.1-1.3.4-1.0.jar                                    *
*  - SE-12562-1.0.0-1.5.5-1.0.jar                                    *
* Mule system properties:                                            *
*  - mule.metadata.cache.expirationInterval.millis = 5000            *
*  - mule.base = C:\MuleRuntime\mule-heroku-dyno                     *
*  - mule.home = C:\MuleRuntime\mule-heroku-dyno                     *
*  - mule.metadata.cache.entryTtl.minutes = 10                       *
**********************************************************************

**********************************************************************
* Cluster configuration                                              *
*                                                                    *
* Cluster mode disabled                                              *
**********************************************************************

**********************************************************************
* Started domain 'default'                                           *
**********************************************************************
WARN  2022-06-27 12:25:14,908 [WrapperListener_start_runner] [event: ] org.mule.runtime.deployment.model.internal.DefaultRegionPluginClassLoadersFactory: Plugin 'Database' contains a local package 'javax.transaction', but it will be ignored since it is already available from the container.
WARN  2022-06-27 12:25:14,910 [WrapperListener_start_runner] [event: ] org.mule.runtime.deployment.model.internal.DefaultRegionPluginClassLoadersFactory: Plugin 'MongoDB' contains a local package 'javax.annotation', but it will be ignored since it is already available from the container.
WARN  2022-06-27 12:25:14,913 [WrapperListener_start_runner] [event: ] org.mule.runtime.deployment.model.internal.DefaultRegionPluginClassLoadersFactory: Plugin 'APIKit' contains a local package 'org.w3c.dom.html', but it will be ignored since it is already available from the container.
WARN  2022-06-27 12:25:14,913 [WrapperListener_start_runner] [event: ] org.mule.runtime.deployment.model.internal.DefaultRegionPluginClassLoadersFactory: Plugin 'APIKit' contains a local package 'javax.annotation.security', but it will be ignored since it is already available from the container.
WARN  2022-06-27 12:25:14,915 [WrapperListener_start_runner] [event: ] org.mule.runtime.deployment.model.internal.DefaultRegionPluginClassLoadersFactory: Plugin 'APIKit' contains a local package 'javax.annotation.sql', but it will be ignored since it is already available from the container.
WARN  2022-06-27 12:25:14,915 [WrapperListener_start_runner] [event: ] org.mule.runtime.deployment.model.internal.DefaultRegionPluginClassLoadersFactory: Plugin 'APIKit' contains a local package 'javax.annotation', but it will be ignored since it is already available from the container.
WARN  2022-06-27 12:25:14,915 [WrapperListener_start_runner] [event: ] org.mule.runtime.deployment.model.internal.DefaultRegionPluginClassLoadersFactory: Plugin 'APIKit' contains a local package 'org.apache.commons.logging', but it will be ignored since it is already available from the container.

++++++++++++++++++++++++++++++++++++++++++++++++++++++++++++++++++++++++++++++++
+ New app 'laniak-core-api-4-2-2'                                              +
++++++++++++++++++++++++++++++++++++++++++++++++++++++++++++++++++++++++++++++++

++++++++++++++++++++++++++++++++++++++++++++++++++++++++++++++++++++++++++++++++
+ Initializing app 'laniak-core-api-4-2-2'                                     +
++++++++++++++++++++++++++++++++++++++++++++++++++++++++++++++++++++++++++++++++

**********************************************************************
* Started DefaultSchedulerService                                    *
*                                                                    *
* Resolved configuration values:                                     *
*                                                                    *
* gracefulShutdownTimeout:       15000 ms                            *
* cpuLight.threadPool.size:      16                                  *
* cpuLight.workQueue.size:       0                                   *
* io.threadPool.maxSize:         45                                  *
* io.threadPool.threadKeepAlive: 30000 ms                            *
* cpuIntensive.threadPool.size:  16                                  *
* cpuIntensive.workQueue.size:   16                                  *
*                                                                    *
* These can be modified by editing 'conf/scheduler-pools.conf'       *
**********************************************************************

++++++++++++++++++++++++++++++++++++++++++++++++++++++++++++++++++++++++++++++++
+ Starting app 'laniak-core-api-4-2-2'                                         +
++++++++++++++++++++++++++++++++++++++++++++++++++++++++++++++++++++++++++++++++

**********************************************************************
* Started app 'laniak-core-api-4-2-2'                                *
* Application plugins:                                               *
*  - Database : 1.10.3                                               *
*  - MongoDB : 6.3.3                                                 *
*  - Sockets : 1.2.1                                                 *
*  - HTTP : 1.5.25                                                   *
*  - APIKit : 1.5.3                                                  *
* Application libraries:                                             *
*  - postgresql-42.2.23.jar                                          *
*  - mongo-java-driver-3.12.10.jar                                   *
*  - v2-1.0.8-raml.zip                                               *
*  - checker-qual-3.5.0.jar                                          *
*  - generic_message_responses-1.0.1-raml-fragment.zip               *
**********************************************************************

++++++++++++++++++++++++++++++++++++++++++++++++++++++++++++++++++++++++++++++++
+ Mule is up and kicking (every 5000ms)                                        +
++++++++++++++++++++++++++++++++++++++++++++++++++++++++++++++++++++++++++++++++

**********************************************************************
*              - - + DOMAIN + - -               * - - + STATUS + - - *
**********************************************************************
* default                                       * DEPLOYED           *
**********************************************************************

*******************************************************************************************************
*            - - + APPLICATION + - -            *       - - + DOMAIN + - -       * - - + STATUS + - - *
*******************************************************************************************************
* laniak-core-api-4-2-2                         * default                        * DEPLOYED           *
*******************************************************************************************************

